[2021-03-17 09:54:48] local.ERROR: There are no commands defined in the "igrate" namespace.

Did you mean this?
    migrate {"exception":"[object] (Symfony\\Component\\Console\\Exception\\NamespaceNotFoundException(code: 0): There are no commands defined in the \"igrate\" namespace.

Did you mean this?
    migrate at /home/bader/Projects/admin_templates/laravel-sb-admin-2/vendor/symfony/console/Application.php:605)
[stacktrace]
#0 /home/bader/Projects/admin_templates/laravel-sb-admin-2/vendor/symfony/console/Application.php(656): Symfony\\Component\\Console\\Application->findNamespace()
#1 /home/bader/Projects/admin_templates/laravel-sb-admin-2/vendor/symfony/console/Application.php(254): Symfony\\Component\\Console\\Application->find()
#2 /home/bader/Projects/admin_templates/laravel-sb-admin-2/vendor/symfony/console/Application.php(166): Symfony\\Component\\Console\\Application->doRun()
#3 /home/bader/Projects/admin_templates/laravel-sb-admin-2/vendor/laravel/framework/src/Illuminate/Console/Application.php(93): Symfony\\Component\\Console\\Application->run()
#4 /home/bader/Projects/admin_templates/laravel-sb-admin-2/vendor/laravel/framework/src/Illuminate/Foundation/Console/Kernel.php(129): Illuminate\\Console\\Application->run()
#5 /home/bader/Projects/admin_templates/laravel-sb-admin-2/artisan(37): Illuminate\\Foundation\\Console\\Kernel->handle()
#6 {main}
"} 
[2021-03-17 10:48:43] local.ERROR: Class 'App\Providers\App' not found {"exception":"[object] (Error(code: 0): Class 'App\\Providers\\App' not found at /home/bader/Projects/admin_templates/laravel-sb-admin-2-final-one/app/Providers/AppServiceProvider.php:29)
[stacktrace]
#0 /home/bader/Projects/admin_templates/laravel-sb-admin-2-final-one/vendor/laravel/framework/src/Illuminate/Container/BoundMethod.php(36): App\\Providers\\AppServiceProvider->boot()
#1 /home/bader/Projects/admin_templates/laravel-sb-admin-2-final-one/vendor/laravel/framework/src/Illuminate/Container/Util.php(40): Illuminate\\Container\\BoundMethod::Illuminate\\Container\\{closure}()
#2 /home/bader/Projects/admin_templates/laravel-sb-admin-2-final-one/vendor/laravel/framework/src/Illuminate/Container/BoundMethod.php(93): Illuminate\\Container\\Util::unwrapIfClosure()
#3 /home/bader/Projects/admin_templates/laravel-sb-admin-2-final-one/vendor/laravel/framework/src/Illuminate/Container/BoundMethod.php(37): Illuminate\\Container\\BoundMethod::callBoundMethod()
#4 /home/bader/Projects/admin_templates/laravel-sb-admin-2-final-one/vendor/laravel/framework/src/Illuminate/Container/Container.php(610): Illuminate\\Container\\BoundMethod::call()
#5 /home/bader/Projects/admin_templates/laravel-sb-admin-2-final-one/vendor/laravel/framework/src/Illuminate/Foundation/Application.php(869): Illuminate\\Container\\Container->call()
#6 /home/bader/Projects/admin_templates/laravel-sb-admin-2-final-one/vendor/laravel/framework/src/Illuminate/Foundation/Application.php(850): Illuminate\\Foundation\\Application->bootProvider()
#7 [internal function]: Illuminate\\Foundation\\Application->Illuminate\\Foundation\\{closure}()
#8 /home/bader/Projects/admin_templates/laravel-sb-admin-2-final-one/vendor/laravel/framework/src/Illuminate/Foundation/Application.php(851): array_walk()
#9 /home/bader/Projects/admin_templates/laravel-sb-admin-2-final-one/vendor/laravel/framework/src/Illuminate/Foundation/Bootstrap/BootProviders.php(17): Illuminate\\Foundation\\Application->boot()
#10 /home/bader/Projects/admin_templates/laravel-sb-admin-2-final-one/vendor/laravel/framework/src/Illuminate/Foundation/Application.php(230): Illuminate\\Foundation\\Bootstrap\\BootProviders->bootstrap()
#11 /home/bader/Projects/admin_templates/laravel-sb-admin-2-final-one/vendor/laravel/framework/src/Illuminate/Foundation/Http/Kernel.php(152): Illuminate\\Foundation\\Application->bootstrapWith()
#12 /home/bader/Projects/admin_templates/laravel-sb-admin-2-final-one/vendor/laravel/framework/src/Illuminate/Foundation/Http/Kernel.php(136): Illuminate\\Foundation\\Http\\Kernel->bootstrap()
#13 /home/bader/Projects/admin_templates/laravel-sb-admin-2-final-one/vendor/laravel/framework/src/Illuminate/Foundation/Http/Kernel.php(110): Illuminate\\Foundation\\Http\\Kernel->sendRequestThroughRouter()
#14 /home/bader/Projects/admin_templates/laravel-sb-admin-2-final-one/public/index.php(55): Illuminate\\Foundation\\Http\\Kernel->handle()
#15 /home/bader/Projects/admin_templates/laravel-sb-admin-2-final-one/server.php(21): require_once('/home/bader/Pro...')
#16 {main}
"} 
[2021-03-17 10:50:21] local.ERROR: Route [set.locale] not defined. (View: /home/bader/Projects/admin_templates/laravel-sb-admin-2-final-one/resources/views/layouts/admin.blade.php) {"userId":1,"exception":"[object] (Facade\\Ignition\\Exceptions\\ViewException(code: 0): Route [set.locale] not defined. (View: /home/bader/Projects/admin_templates/laravel-sb-admin-2-final-one/resources/views/layouts/admin.blade.php) at /home/bader/Projects/admin_templates/laravel-sb-admin-2-final-one/vendor/laravel/framework/src/Illuminate/Routing/UrlGenerator.php:429)
[stacktrace]
#0 /home/bader/Projects/admin_templates/laravel-sb-admin-2-final-one/vendor/laravel/framework/src/Illuminate/Foundation/helpers.php(708): Illuminate\\Routing\\UrlGenerator->route()
#1 /home/bader/Projects/admin_templates/laravel-sb-admin-2-final-one/resources/views/layouts/admin.blade.php(138): route()
#2 /home/bader/Projects/admin_templates/laravel-sb-admin-2-final-one/vendor/laravel/framework/src/Illuminate/Filesystem/Filesystem.php(107): require('/home/bader/Pro...')
#3 /home/bader/Projects/admin_templates/laravel-sb-admin-2-final-one/vendor/laravel/framework/src/Illuminate/Filesystem/Filesystem.php(108): Illuminate\\Filesystem\\Filesystem::Illuminate\\Filesystem\\{closure}()
#4 /home/bader/Projects/admin_templates/laravel-sb-admin-2-final-one/vendor/laravel/framework/src/Illuminate/View/Engines/PhpEngine.php(58): Illuminate\\Filesystem\\Filesystem->getRequire()
#5 /home/bader/Projects/admin_templates/laravel-sb-admin-2-final-one/vendor/laravel/framework/src/Illuminate/View/Engines/CompilerEngine.php(61): Illuminate\\View\\Engines\\PhpEngine->evaluatePath()
#6 /home/bader/Projects/admin_templates/laravel-sb-admin-2-final-one/vendor/facade/ignition/src/Views/Engines/CompilerEngine.php(37): Illuminate\\View\\Engines\\CompilerEngine->get()
#7 /home/bader/Projects/admin_templates/laravel-sb-admin-2-final-one/vendor/laravel/framework/src/Illuminate/View/View.php(139): Facade\\Ignition\\Views\\Engines\\CompilerEngine->get()
#8 /home/bader/Projects/admin_templates/laravel-sb-admin-2-final-one/vendor/laravel/framework/src/Illuminate/View/View.php(122): Illuminate\\View\\View->getContents()
#9 /home/bader/Projects/admin_templates/laravel-sb-admin-2-final-one/vendor/laravel/framework/src/Illuminate/View/View.php(91): Illuminate\\View\\View->renderContents()
#10 /home/bader/Projects/admin_templates/laravel-sb-admin-2-final-one/resources/views/home.blade.php(222): Illuminate\\View\\View->render()
#11 /home/bader/Projects/admin_templates/laravel-sb-admin-2-final-one/vendor/laravel/framework/src/Illuminate/Filesystem/Filesystem.php(107): require('/home/bader/Pro...')
#12 /home/bader/Projects/admin_templates/laravel-sb-admin-2-final-one/vendor/laravel/framework/src/Illuminate/Filesystem/Filesystem.php(108): Illuminate\\Filesystem\\Filesystem::Illuminate\\Filesystem\\{closure}()
#13 /home/bader/Projects/admin_templates/laravel-sb-admin-2-final-one/vendor/laravel/framework/src/Illuminate/View/Engines/PhpEngine.php(58): Illuminate\\Filesystem\\Filesystem->getRequire()
#14 /home/bader/Projects/admin_templates/laravel-sb-admin-2-final-one/vendor/laravel/framework/src/Illuminate/View/Engines/CompilerEngine.php(61): Illuminate\\View\\Engines\\PhpEngine->evaluatePath()
#15 /home/bader/Projects/admin_templates/laravel-sb-admin-2-final-one/vendor/facade/ignition/src/Views/Engines/CompilerEngine.php(37): Illuminate\\View\\Engines\\CompilerEngine->get()
#16 /home/bader/Projects/admin_templates/laravel-sb-admin-2-final-one/vendor/laravel/framework/src/Illuminate/View/View.php(139): Facade\\Ignition\\Views\\Engines\\CompilerEngine->get()
#17 /home/bader/Projects/admin_templates/laravel-sb-admin-2-final-one/vendor/laravel/framework/src/Illuminate/View/View.php(122): Illuminate\\View\\View->getContents()
#18 /home/bader/Projects/admin_templates/laravel-sb-admin-2-final-one/vendor/laravel/framework/src/Illuminate/View/View.php(91): Illuminate\\View\\View->renderContents()
#19 /home/bader/Projects/admin_templates/laravel-sb-admin-2-final-one/vendor/laravel/framework/src/Illuminate/Http/Response.php(62): Illuminate\\View\\View->render()
#20 /home/bader/Projects/admin_templates/laravel-sb-admin-2-final-one/vendor/laravel/framework/src/Illuminate/Http/Response.php(34): Illuminate\\Http\\Response->setContent()
#21 /home/bader/Projects/admin_templates/laravel-sb-admin-2-final-one/vendor/laravel/framework/src/Illuminate/Routing/Router.php(780): Illuminate\\Http\\Response->__construct()
#22 /home/bader/Projects/admin_templates/laravel-sb-admin-2-final-one/vendor/laravel/framework/src/Illuminate/Routing/Router.php(752): Illuminate\\Routing\\Router::toResponse()
#23 /home/bader/Projects/admin_templates/laravel-sb-admin-2-final-one/vendor/laravel/framework/src/Illuminate/Routing/Router.php(692): Illuminate\\Routing\\Router->prepareResponse()
#24 /home/bader/Projects/admin_templates/laravel-sb-admin-2-final-one/vendor/laravel/framework/src/Illuminate/Pipeline/Pipeline.php(128): Illuminate\\Routing\\Router->Illuminate\\Routing\\{closure}()
#25 /home/bader/Projects/admin_templates/laravel-sb-admin-2-final-one/vendor/laravel/framework/src/Illuminate/Routing/Middleware/SubstituteBindings.php(41): Illuminate\\Pipeline\\Pipeline->Illuminate\\Pipeline\\{closure}()
#26 /home/bader/Projects/admin_templates/laravel-sb-admin-2-final-one/vendor/laravel/framework/src/Illuminate/Pipeline/Pipeline.php(167): Illuminate\\Routing\\Middleware\\SubstituteBindings->handle()
#27 /home/bader/Projects/admin_templates/laravel-sb-admin-2-final-one/vendor/laravel/framework/src/Illuminate/Auth/Middleware/Authenticate.php(44): Illuminate\\Pipeline\\Pipeline->Illuminate\\Pipeline\\{closure}()
#28 /home/bader/Projects/admin_templates/laravel-sb-admin-2-final-one/vendor/laravel/framework/src/Illuminate/Pipeline/Pipeline.php(167): Illuminate\\Auth\\Middleware\\Authenticate->handle()
#29 /home/bader/Projects/admin_templates/laravel-sb-admin-2-final-one/vendor/laravel/framework/src/Illuminate/Foundation/Http/Middleware/VerifyCsrfToken.php(78): Illuminate\\Pipeline\\Pipeline->Illuminate\\Pipeline\\{closure}()
#30 /home/bader/Projects/admin_templates/laravel-sb-admin-2-final-one/vendor/laravel/framework/src/Illuminate/Pipeline/Pipeline.php(167): Illuminate\\Foundation\\Http\\Middleware\\VerifyCsrfToken->handle()
#31 /home/bader/Projects/admin_templates/laravel-sb-admin-2-final-one/vendor/laravel/framework/src/Illuminate/View/Middleware/ShareErrorsFromSession.php(49): Illuminate\\Pipeline\\Pipeline->Illuminate\\Pipeline\\{closure}()
#32 /home/bader/Projects/admin_templates/laravel-sb-admin-2-final-one/vendor/laravel/framework/src/Illuminate/Pipeline/Pipeline.php(167): Illuminate\\View\\Middleware\\ShareErrorsFromSession->handle()
#33 /home/bader/Projects/admin_templates/laravel-sb-admin-2-final-one/vendor/laravel/framework/src/Illuminate/Session/Middleware/StartSession.php(121): Illuminate\\Pipeline\\Pipeline->Illuminate\\Pipeline\\{closure}()
#34 /home/bader/Projects/admin_templates/laravel-sb-admin-2-final-one/vendor/laravel/framework/src/Illuminate/Session/Middleware/StartSession.php(63): Illuminate\\Session\\Middleware\\StartSession->handleStatefulRequest()
#35 /home/bader/Projects/admin_templates/laravel-sb-admin-2-final-one/vendor/laravel/framework/src/Illuminate/Pipeline/Pipeline.php(167): Illuminate\\Session\\Middleware\\StartSession->handle()
#36 /home/bader/Projects/admin_templates/laravel-sb-admin-2-final-one/vendor/laravel/framework/src/Illuminate/Cookie/Middleware/AddQueuedCookiesToResponse.php(37): Illuminate\\Pipeline\\Pipeline->Illuminate\\Pipeline\\{closure}()
#37 /home/bader/Projects/admin_templates/laravel-sb-admin-2-final-one/vendor/laravel/framework/src/Illuminate/Pipeline/Pipeline.php(167): Illuminate\\Cookie\\Middleware\\AddQueuedCookiesToResponse->handle()
#38 /home/bader/Projects/admin_templates/laravel-sb-admin-2-final-one/vendor/laravel/framework/src/Illuminate/Cookie/Middleware/EncryptCookies.php(67): Illuminate\\Pipeline\\Pipeline->Illuminate\\Pipeline\\{closure}()
#39 /home/bader/Projects/admin_templates/laravel-sb-admin-2-final-one/vendor/laravel/framework/src/Illuminate/Pipeline/Pipeline.php(167): Illuminate\\Cookie\\Middleware\\EncryptCookies->handle()
#40 /home/bader/Projects/admin_templates/laravel-sb-admin-2-final-one/vendor/laravel/framework/src/Illuminate/Pipeline/Pipeline.php(103): Illuminate\\Pipeline\\Pipeline->Illuminate\\Pipeline\\{closure}()
#41 /home/bader/Projects/admin_templates/laravel-sb-admin-2-final-one/vendor/laravel/framework/src/Illuminate/Routing/Router.php(694): Illuminate\\Pipeline\\Pipeline->then()
#42 /home/bader/Projects/admin_templates/laravel-sb-admin-2-final-one/vendor/laravel/framework/src/Illuminate/Routing/Router.php(669): Illuminate\\Routing\\Router->runRouteWithinStack()
#43 /home/bader/Projects/admin_templates/laravel-sb-admin-2-final-one/vendor/laravel/framework/src/Illuminate/Routing/Router.php(635): Illuminate\\Routing\\Router->runRoute()
#44 /home/bader/Projects/admin_templates/laravel-sb-admin-2-final-one/vendor/laravel/framework/src/Illuminate/Routing/Router.php(624): Illuminate\\Routing\\Router->dispatchToRoute()
#45 /home/bader/Projects/admin_templates/laravel-sb-admin-2-final-one/vendor/laravel/framework/src/Illuminate/Foundation/Http/Kernel.php(166): Illuminate\\Routing\\Router->dispatch()
#46 /home/bader/Projects/admin_templates/laravel-sb-admin-2-final-one/vendor/laravel/framework/src/Illuminate/Pipeline/Pipeline.php(128): Illuminate\\Foundation\\Http\\Kernel->Illuminate\\Foundation\\Http\\{closure}()
#47 /home/bader/Projects/admin_templates/laravel-sb-admin-2-final-one/vendor/laravel/framework/src/Illuminate/Foundation/Http/Middleware/TransformsRequest.php(21): Illuminate\\Pipeline\\Pipeline->Illuminate\\Pipeline\\{closure}()
#48 /home/bader/Projects/admin_templates/laravel-sb-admin-2-final-one/vendor/laravel/framework/src/Illuminate/Pipeline/Pipeline.php(167): Illuminate\\Foundation\\Http\\Middleware\\TransformsRequest->handle()
#49 /home/bader/Projects/admin_templates/laravel-sb-admin-2-final-one/vendor/laravel/framework/src/Illuminate/Foundation/Http/Middleware/TransformsRequest.php(21): Illuminate\\Pipeline\\Pipeline->Illuminate\\Pipeline\\{closure}()
#50 /home/bader/Projects/admin_templates/laravel-sb-admin-2-final-one/vendor/laravel/framework/src/Illuminate/Pipeline/Pipeline.php(167): Illuminate\\Foundation\\Http\\Middleware\\TransformsRequest->handle()
#51 /home/bader/Projects/admin_templates/laravel-sb-admin-2-final-one/vendor/laravel/framework/src/Illuminate/Foundation/Http/Middleware/ValidatePostSize.php(27): Illuminate\\Pipeline\\Pipeline->Illuminate\\Pipeline\\{closure}()
#52 /home/bader/Projects/admin_templates/laravel-sb-admin-2-final-one/vendor/laravel/framework/src/Illuminate/Pipeline/Pipeline.php(167): Illuminate\\Foundation\\Http\\Middleware\\ValidatePostSize->handle()
#53 /home/bader/Projects/admin_templates/laravel-sb-admin-2-final-one/vendor/laravel/framework/src/Illuminate/Foundation/Http/Middleware/PreventRequestsDuringMaintenance.php(86): Illuminate\\Pipeline\\Pipeline->Illuminate\\Pipeline\\{closure}()
#54 /home/bader/Projects/admin_templates/laravel-sb-admin-2-final-one/vendor/laravel/framework/src/Illuminate/Pipeline/Pipeline.php(167): Illuminate\\Foundation\\Http\\Middleware\\PreventRequestsDuringMaintenance->handle()
#55 /home/bader/Projects/admin_templates/laravel-sb-admin-2-final-one/vendor/fruitcake/laravel-cors/src/HandleCors.php(37): Illuminate\\Pipeline\\Pipeline->Illuminate\\Pipeline\\{closure}()
#56 /home/bader/Projects/admin_templates/laravel-sb-admin-2-final-one/vendor/laravel/framework/src/Illuminate/Pipeline/Pipeline.php(167): Fruitcake\\Cors\\HandleCors->handle()
#57 /home/bader/Projects/admin_templates/laravel-sb-admin-2-final-one/vendor/fideloper/proxy/src/TrustProxies.php(57): Illuminate\\Pipeline\\Pipeline->Illuminate\\Pipeline\\{closure}()
#58 /home/bader/Projects/admin_templates/laravel-sb-admin-2-final-one/vendor/laravel/framework/src/Illuminate/Pipeline/Pipeline.php(167): Fideloper\\Proxy\\TrustProxies->handle()
#59 /home/bader/Projects/admin_templates/laravel-sb-admin-2-final-one/vendor/laravel/framework/src/Illuminate/Pipeline/Pipeline.php(103): Illuminate\\Pipeline\\Pipeline->Illuminate\\Pipeline\\{closure}()
#60 /home/bader/Projects/admin_templates/laravel-sb-admin-2-final-one/vendor/laravel/framework/src/Illuminate/Foundation/Http/Kernel.php(141): Illuminate\\Pipeline\\Pipeline->then()
#61 /home/bader/Projects/admin_templates/laravel-sb-admin-2-final-one/vendor/laravel/framework/src/Illuminate/Foundation/Http/Kernel.php(110): Illuminate\\Foundation\\Http\\Kernel->sendRequestThroughRouter()
#62 /home/bader/Projects/admin_templates/laravel-sb-admin-2-final-one/public/index.php(55): Illuminate\\Foundation\\Http\\Kernel->handle()
#63 /home/bader/Projects/admin_templates/laravel-sb-admin-2-final-one/server.php(21): require_once('/home/bader/Pro...')
#64 {main}

[previous exception] [object] (Symfony\\Component\\Routing\\Exception\\RouteNotFoundException(code: 0): Route [set.locale] not defined. at /home/bader/Projects/admin_templates/laravel-sb-admin-2-final-one/vendor/laravel/framework/src/Illuminate/Routing/UrlGenerator.php:429)
[stacktrace]
#0 /home/bader/Projects/admin_templates/laravel-sb-admin-2-final-one/vendor/laravel/framework/src/Illuminate/Foundation/helpers.php(708): Illuminate\\Routing\\UrlGenerator->route()
#1 /home/bader/Projects/admin_templates/laravel-sb-admin-2-final-one/storage/framework/views/77ee25aa3eba56c338cb80b3a7def0cb620f61bb.php(139): route()
#2 /home/bader/Projects/admin_templates/laravel-sb-admin-2-final-one/vendor/laravel/framework/src/Illuminate/Filesystem/Filesystem.php(107): require('/home/bader/Pro...')
#3 /home/bader/Projects/admin_templates/laravel-sb-admin-2-final-one/vendor/laravel/framework/src/Illuminate/Filesystem/Filesystem.php(108): Illuminate\\Filesystem\\Filesystem::Illuminate\\Filesystem\\{closure}()
#4 /home/bader/Projects/admin_templates/laravel-sb-admin-2-final-one/vendor/laravel/framework/src/Illuminate/View/Engines/PhpEngine.php(58): Illuminate\\Filesystem\\Filesystem->getRequire()
#5 /home/bader/Projects/admin_templates/laravel-sb-admin-2-final-one/vendor/laravel/framework/src/Illuminate/View/Engines/CompilerEngine.php(61): Illuminate\\View\\Engines\\PhpEngine->evaluatePath()
#6 /home/bader/Projects/admin_templates/laravel-sb-admin-2-final-one/vendor/facade/ignition/src/Views/Engines/CompilerEngine.php(37): Illuminate\\View\\Engines\\CompilerEngine->get()
#7 /home/bader/Projects/admin_templates/laravel-sb-admin-2-final-one/vendor/laravel/framework/src/Illuminate/View/View.php(139): Facade\\Ignition\\Views\\Engines\\CompilerEngine->get()
#8 /home/bader/Projects/admin_templates/laravel-sb-admin-2-final-one/vendor/laravel/framework/src/Illuminate/View/View.php(122): Illuminate\\View\\View->getContents()
#9 /home/bader/Projects/admin_templates/laravel-sb-admin-2-final-one/vendor/laravel/framework/src/Illuminate/View/View.php(91): Illuminate\\View\\View->renderContents()
#10 /home/bader/Projects/admin_templates/laravel-sb-admin-2-final-one/storage/framework/views/34d90a34c1a88790c610e26dbeb27ef55eac91fa.php(222): Illuminate\\View\\View->render()
#11 /home/bader/Projects/admin_templates/laravel-sb-admin-2-final-one/vendor/laravel/framework/src/Illuminate/Filesystem/Filesystem.php(107): require('/home/bader/Pro...')
#12 /home/bader/Projects/admin_templates/laravel-sb-admin-2-final-one/vendor/laravel/framework/src/Illuminate/Filesystem/Filesystem.php(108): Illuminate\\Filesystem\\Filesystem::Illuminate\\Filesystem\\{closure}()
#13 /home/bader/Projects/admin_templates/laravel-sb-admin-2-final-one/vendor/laravel/framework/src/Illuminate/View/Engines/PhpEngine.php(58): Illuminate\\Filesystem\\Filesystem->getRequire()
#14 /home/bader/Projects/admin_templates/laravel-sb-admin-2-final-one/vendor/laravel/framework/src/Illuminate/View/Engines/CompilerEngine.php(61): Illuminate\\View\\Engines\\PhpEngine->evaluatePath()
#15 /home/bader/Projects/admin_templates/laravel-sb-admin-2-final-one/vendor/facade/ignition/src/Views/Engines/CompilerEngine.php(37): Illuminate\\View\\Engines\\CompilerEngine->get()
#16 /home/bader/Projects/admin_templates/laravel-sb-admin-2-final-one/vendor/laravel/framework/src/Illuminate/View/View.php(139): Facade\\Ignition\\Views\\Engines\\CompilerEngine->get()
#17 /home/bader/Projects/admin_templates/laravel-sb-admin-2-final-one/vendor/laravel/framework/src/Illuminate/View/View.php(122): Illuminate\\View\\View->getContents()
#18 /home/bader/Projects/admin_templates/laravel-sb-admin-2-final-one/vendor/laravel/framework/src/Illuminate/View/View.php(91): Illuminate\\View\\View->renderContents()
#19 /home/bader/Projects/admin_templates/laravel-sb-admin-2-final-one/vendor/laravel/framework/src/Illuminate/Http/Response.php(62): Illuminate\\View\\View->render()
#20 /home/bader/Projects/admin_templates/laravel-sb-admin-2-final-one/vendor/laravel/framework/src/Illuminate/Http/Response.php(34): Illuminate\\Http\\Response->setContent()
#21 /home/bader/Projects/admin_templates/laravel-sb-admin-2-final-one/vendor/laravel/framework/src/Illuminate/Routing/Router.php(780): Illuminate\\Http\\Response->__construct()
#22 /home/bader/Projects/admin_templates/laravel-sb-admin-2-final-one/vendor/laravel/framework/src/Illuminate/Routing/Router.php(752): Illuminate\\Routing\\Router::toResponse()
#23 /home/bader/Projects/admin_templates/laravel-sb-admin-2-final-one/vendor/laravel/framework/src/Illuminate/Routing/Router.php(692): Illuminate\\Routing\\Router->prepareResponse()
#24 /home/bader/Projects/admin_templates/laravel-sb-admin-2-final-one/vendor/laravel/framework/src/Illuminate/Pipeline/Pipeline.php(128): Illuminate\\Routing\\Router->Illuminate\\Routing\\{closure}()
#25 /home/bader/Projects/admin_templates/laravel-sb-admin-2-final-one/vendor/laravel/framework/src/Illuminate/Routing/Middleware/SubstituteBindings.php(41): Illuminate\\Pipeline\\Pipeline->Illuminate\\Pipeline\\{closure}()
#26 /home/bader/Projects/admin_templates/laravel-sb-admin-2-final-one/vendor/laravel/framework/src/Illuminate/Pipeline/Pipeline.php(167): Illuminate\\Routing\\Middleware\\SubstituteBindings->handle()
#27 /home/bader/Projects/admin_templates/laravel-sb-admin-2-final-one/vendor/laravel/framework/src/Illuminate/Auth/Middleware/Authenticate.php(44): Illuminate\\Pipeline\\Pipeline->Illuminate\\Pipeline\\{closure}()
#28 /home/bader/Projects/admin_templates/laravel-sb-admin-2-final-one/vendor/laravel/framework/src/Illuminate/Pipeline/Pipeline.php(167): Illuminate\\Auth\\Middleware\\Authenticate->handle()
#29 /home/bader/Projects/admin_templates/laravel-sb-admin-2-final-one/vendor/laravel/framework/src/Illuminate/Foundation/Http/Middleware/VerifyCsrfToken.php(78): Illuminate\\Pipeline\\Pipeline->Illuminate\\Pipeline\\{closure}()
#30 /home/bader/Projects/admin_templates/laravel-sb-admin-2-final-one/vendor/laravel/framework/src/Illuminate/Pipeline/Pipeline.php(167): Illuminate\\Foundation\\Http\\Middleware\\VerifyCsrfToken->handle()
#31 /home/bader/Projects/admin_templates/laravel-sb-admin-2-final-one/vendor/laravel/framework/src/Illuminate/View/Middleware/ShareErrorsFromSession.php(49): Illuminate\\Pipeline\\Pipeline->Illuminate\\Pipeline\\{closure}()
#32 /home/bader/Projects/admin_templates/laravel-sb-admin-2-final-one/vendor/laravel/framework/src/Illuminate/Pipeline/Pipeline.php(167): Illuminate\\View\\Middleware\\ShareErrorsFromSession->handle()
#33 /home/bader/Projects/admin_templates/laravel-sb-admin-2-final-one/vendor/laravel/framework/src/Illuminate/Session/Middleware/StartSession.php(121): Illuminate\\Pipeline\\Pipeline->Illuminate\\Pipeline\\{closure}()
#34 /home/bader/Projects/admin_templates/laravel-sb-admin-2-final-one/vendor/laravel/framework/src/Illuminate/Session/Middleware/StartSession.php(63): Illuminate\\Session\\Middleware\\StartSession->handleStatefulRequest()
#35 /home/bader/Projects/admin_templates/laravel-sb-admin-2-final-one/vendor/laravel/framework/src/Illuminate/Pipeline/Pipeline.php(167): Illuminate\\Session\\Middleware\\StartSession->handle()
#36 /home/bader/Projects/admin_templates/laravel-sb-admin-2-final-one/vendor/laravel/framework/src/Illuminate/Cookie/Middleware/AddQueuedCookiesToResponse.php(37): Illuminate\\Pipeline\\Pipeline->Illuminate\\Pipeline\\{closure}()
#37 /home/bader/Projects/admin_templates/laravel-sb-admin-2-final-one/vendor/laravel/framework/src/Illuminate/Pipeline/Pipeline.php(167): Illuminate\\Cookie\\Middleware\\AddQueuedCookiesToResponse->handle()
#38 /home/bader/Projects/admin_templates/laravel-sb-admin-2-final-one/vendor/laravel/framework/src/Illuminate/Cookie/Middleware/EncryptCookies.php(67): Illuminate\\Pipeline\\Pipeline->Illuminate\\Pipeline\\{closure}()
#39 /home/bader/Projects/admin_templates/laravel-sb-admin-2-final-one/vendor/laravel/framework/src/Illuminate/Pipeline/Pipeline.php(167): Illuminate\\Cookie\\Middleware\\EncryptCookies->handle()
#40 /home/bader/Projects/admin_templates/laravel-sb-admin-2-final-one/vendor/laravel/framework/src/Illuminate/Pipeline/Pipeline.php(103): Illuminate\\Pipeline\\Pipeline->Illuminate\\Pipeline\\{closure}()
#41 /home/bader/Projects/admin_templates/laravel-sb-admin-2-final-one/vendor/laravel/framework/src/Illuminate/Routing/Router.php(694): Illuminate\\Pipeline\\Pipeline->then()
#42 /home/bader/Projects/admin_templates/laravel-sb-admin-2-final-one/vendor/laravel/framework/src/Illuminate/Routing/Router.php(669): Illuminate\\Routing\\Router->runRouteWithinStack()
#43 /home/bader/Projects/admin_templates/laravel-sb-admin-2-final-one/vendor/laravel/framework/src/Illuminate/Routing/Router.php(635): Illuminate\\Routing\\Router->runRoute()
#44 /home/bader/Projects/admin_templates/laravel-sb-admin-2-final-one/vendor/laravel/framework/src/Illuminate/Routing/Router.php(624): Illuminate\\Routing\\Router->dispatchToRoute()
#45 /home/bader/Projects/admin_templates/laravel-sb-admin-2-final-one/vendor/laravel/framework/src/Illuminate/Foundation/Http/Kernel.php(166): Illuminate\\Routing\\Router->dispatch()
#46 /home/bader/Projects/admin_templates/laravel-sb-admin-2-final-one/vendor/laravel/framework/src/Illuminate/Pipeline/Pipeline.php(128): Illuminate\\Foundation\\Http\\Kernel->Illuminate\\Foundation\\Http\\{closure}()
#47 /home/bader/Projects/admin_templates/laravel-sb-admin-2-final-one/vendor/laravel/framework/src/Illuminate/Foundation/Http/Middleware/TransformsRequest.php(21): Illuminate\\Pipeline\\Pipeline->Illuminate\\Pipeline\\{closure}()
#48 /home/bader/Projects/admin_templates/laravel-sb-admin-2-final-one/vendor/laravel/framework/src/Illuminate/Pipeline/Pipeline.php(167): Illuminate\\Foundation\\Http\\Middleware\\TransformsRequest->handle()
#49 /home/bader/Projects/admin_templates/laravel-sb-admin-2-final-one/vendor/laravel/framework/src/Illuminate/Foundation/Http/Middleware/TransformsRequest.php(21): Illuminate\\Pipeline\\Pipeline->Illuminate\\Pipeline\\{closure}()
#50 /home/bader/Projects/admin_templates/laravel-sb-admin-2-final-one/vendor/laravel/framework/src/Illuminate/Pipeline/Pipeline.php(167): Illuminate\\Foundation\\Http\\Middleware\\TransformsRequest->handle()
#51 /home/bader/Projects/admin_templates/laravel-sb-admin-2-final-one/vendor/laravel/framework/src/Illuminate/Foundation/Http/Middleware/ValidatePostSize.php(27): Illuminate\\Pipeline\\Pipeline->Illuminate\\Pipeline\\{closure}()
#52 /home/bader/Projects/admin_templates/laravel-sb-admin-2-final-one/vendor/laravel/framework/src/Illuminate/Pipeline/Pipeline.php(167): Illuminate\\Foundation\\Http\\Middleware\\ValidatePostSize->handle()
#53 /home/bader/Projects/admin_templates/laravel-sb-admin-2-final-one/vendor/laravel/framework/src/Illuminate/Foundation/Http/Middleware/PreventRequestsDuringMaintenance.php(86): Illuminate\\Pipeline\\Pipeline->Illuminate\\Pipeline\\{closure}()
#54 /home/bader/Projects/admin_templates/laravel-sb-admin-2-final-one/vendor/laravel/framework/src/Illuminate/Pipeline/Pipeline.php(167): Illuminate\\Foundation\\Http\\Middleware\\PreventRequestsDuringMaintenance->handle()
#55 /home/bader/Projects/admin_templates/laravel-sb-admin-2-final-one/vendor/fruitcake/laravel-cors/src/HandleCors.php(37): Illuminate\\Pipeline\\Pipeline->Illuminate\\Pipeline\\{closure}()
#56 /home/bader/Projects/admin_templates/laravel-sb-admin-2-final-one/vendor/laravel/framework/src/Illuminate/Pipeline/Pipeline.php(167): Fruitcake\\Cors\\HandleCors->handle()
#57 /home/bader/Projects/admin_templates/laravel-sb-admin-2-final-one/vendor/fideloper/proxy/src/TrustProxies.php(57): Illuminate\\Pipeline\\Pipeline->Illuminate\\Pipeline\\{closure}()
#58 /home/bader/Projects/admin_templates/laravel-sb-admin-2-final-one/vendor/laravel/framework/src/Illuminate/Pipeline/Pipeline.php(167): Fideloper\\Proxy\\TrustProxies->handle()
#59 /home/bader/Projects/admin_templates/laravel-sb-admin-2-final-one/vendor/laravel/framework/src/Illuminate/Pipeline/Pipeline.php(103): Illuminate\\Pipeline\\Pipeline->Illuminate\\Pipeline\\{closure}()
#60 /home/bader/Projects/admin_templates/laravel-sb-admin-2-final-one/vendor/laravel/framework/src/Illuminate/Foundation/Http/Kernel.php(141): Illuminate\\Pipeline\\Pipeline->then()
#61 /home/bader/Projects/admin_templates/laravel-sb-admin-2-final-one/vendor/laravel/framework/src/Illuminate/Foundation/Http/Kernel.php(110): Illuminate\\Foundation\\Http\\Kernel->sendRequestThroughRouter()
#62 /home/bader/Projects/admin_templates/laravel-sb-admin-2-final-one/public/index.php(55): Illuminate\\Foundation\\Http\\Kernel->handle()
#63 /home/bader/Projects/admin_templates/laravel-sb-admin-2-final-one/server.php(21): require_once('/home/bader/Pro...')
#64 {main}
"} 
[2021-03-17 12:03:34] local.ERROR: syntax error, unexpected ')' (View: /home/bader/Projects/admin_templates/laravel-sb-admin-2-final-one/resources/views/layouts/admin.blade.php) {"userId":1,"exception":"[object] (Facade\\Ignition\\Exceptions\\ViewException(code: 0): syntax error, unexpected ')' (View: /home/bader/Projects/admin_templates/laravel-sb-admin-2-final-one/resources/views/layouts/admin.blade.php) at /home/bader/Projects/admin_templates/laravel-sb-admin-2-final-one/resources/views/layouts/admin.blade.php:21)
[stacktrace]
#0 /home/bader/Projects/admin_templates/laravel-sb-admin-2-final-one/vendor/laravel/framework/src/Illuminate/Filesystem/Filesystem.php(108): Illuminate\\Filesystem\\Filesystem::Illuminate\\Filesystem\\{closure}()
#1 /home/bader/Projects/admin_templates/laravel-sb-admin-2-final-one/vendor/laravel/framework/src/Illuminate/View/Engines/PhpEngine.php(58): Illuminate\\Filesystem\\Filesystem->getRequire()
#2 /home/bader/Projects/admin_templates/laravel-sb-admin-2-final-one/vendor/laravel/framework/src/Illuminate/View/Engines/CompilerEngine.php(61): Illuminate\\View\\Engines\\PhpEngine->evaluatePath()
#3 /home/bader/Projects/admin_templates/laravel-sb-admin-2-final-one/vendor/facade/ignition/src/Views/Engines/CompilerEngine.php(37): Illuminate\\View\\Engines\\CompilerEngine->get()
#4 /home/bader/Projects/admin_templates/laravel-sb-admin-2-final-one/vendor/laravel/framework/src/Illuminate/View/View.php(139): Facade\\Ignition\\Views\\Engines\\CompilerEngine->get()
#5 /home/bader/Projects/admin_templates/laravel-sb-admin-2-final-one/vendor/laravel/framework/src/Illuminate/View/View.php(122): Illuminate\\View\\View->getContents()
#6 /home/bader/Projects/admin_templates/laravel-sb-admin-2-final-one/vendor/laravel/framework/src/Illuminate/View/View.php(91): Illuminate\\View\\View->renderContents()
#7 /home/bader/Projects/admin_templates/laravel-sb-admin-2-final-one/resources/views/home.blade.php(222): Illuminate\\View\\View->render()
#8 /home/bader/Projects/admin_templates/laravel-sb-admin-2-final-one/vendor/laravel/framework/src/Illuminate/Filesystem/Filesystem.php(107): require('/home/bader/Pro...')
#9 /home/bader/Projects/admin_templates/laravel-sb-admin-2-final-one/vendor/laravel/framework/src/Illuminate/Filesystem/Filesystem.php(108): Illuminate\\Filesystem\\Filesystem::Illuminate\\Filesystem\\{closure}()
#10 /home/bader/Projects/admin_templates/laravel-sb-admin-2-final-one/vendor/laravel/framework/src/Illuminate/View/Engines/PhpEngine.php(58): Illuminate\\Filesystem\\Filesystem->getRequire()
#11 /home/bader/Projects/admin_templates/laravel-sb-admin-2-final-one/vendor/laravel/framework/src/Illuminate/View/Engines/CompilerEngine.php(61): Illuminate\\View\\Engines\\PhpEngine->evaluatePath()
#12 /home/bader/Projects/admin_templates/laravel-sb-admin-2-final-one/vendor/facade/ignition/src/Views/Engines/CompilerEngine.php(37): Illuminate\\View\\Engines\\CompilerEngine->get()
#13 /home/bader/Projects/admin_templates/laravel-sb-admin-2-final-one/vendor/laravel/framework/src/Illuminate/View/View.php(139): Facade\\Ignition\\Views\\Engines\\CompilerEngine->get()
#14 /home/bader/Projects/admin_templates/laravel-sb-admin-2-final-one/vendor/laravel/framework/src/Illuminate/View/View.php(122): Illuminate\\View\\View->getContents()
#15 /home/bader/Projects/admin_templates/laravel-sb-admin-2-final-one/vendor/laravel/framework/src/Illuminate/View/View.php(91): Illuminate\\View\\View->renderContents()
#16 /home/bader/Projects/admin_templates/laravel-sb-admin-2-final-one/vendor/laravel/framework/src/Illuminate/Http/Response.php(62): Illuminate\\View\\View->render()
#17 /home/bader/Projects/admin_templates/laravel-sb-admin-2-final-one/vendor/laravel/framework/src/Illuminate/Http/Response.php(34): Illuminate\\Http\\Response->setContent()
#18 /home/bader/Projects/admin_templates/laravel-sb-admin-2-final-one/vendor/laravel/framework/src/Illuminate/Routing/Router.php(780): Illuminate\\Http\\Response->__construct()
#19 /home/bader/Projects/admin_templates/laravel-sb-admin-2-final-one/vendor/laravel/framework/src/Illuminate/Routing/Router.php(752): Illuminate\\Routing\\Router::toResponse()
#20 /home/bader/Projects/admin_templates/laravel-sb-admin-2-final-one/vendor/laravel/framework/src/Illuminate/Routing/Router.php(692): Illuminate\\Routing\\Router->prepareResponse()
#21 /home/bader/Projects/admin_templates/laravel-sb-admin-2-final-one/vendor/laravel/framework/src/Illuminate/Pipeline/Pipeline.php(128): Illuminate\\Routing\\Router->Illuminate\\Routing\\{closure}()
#22 /home/bader/Projects/admin_templates/laravel-sb-admin-2-final-one/vendor/laravel/framework/src/Illuminate/Routing/Middleware/SubstituteBindings.php(41): Illuminate\\Pipeline\\Pipeline->Illuminate\\Pipeline\\{closure}()
#23 /home/bader/Projects/admin_templates/laravel-sb-admin-2-final-one/vendor/laravel/framework/src/Illuminate/Pipeline/Pipeline.php(167): Illuminate\\Routing\\Middleware\\SubstituteBindings->handle()
#24 /home/bader/Projects/admin_templates/laravel-sb-admin-2-final-one/vendor/laravel/framework/src/Illuminate/Auth/Middleware/Authenticate.php(44): Illuminate\\Pipeline\\Pipeline->Illuminate\\Pipeline\\{closure}()
#25 /home/bader/Projects/admin_templates/laravel-sb-admin-2-final-one/vendor/laravel/framework/src/Illuminate/Pipeline/Pipeline.php(167): Illuminate\\Auth\\Middleware\\Authenticate->handle()
#26 /home/bader/Projects/admin_templates/laravel-sb-admin-2-final-one/vendor/laravel/framework/src/Illuminate/Foundation/Http/Middleware/VerifyCsrfToken.php(78): Illuminate\\Pipeline\\Pipeline->Illuminate\\Pipeline\\{closure}()
#27 /home/bader/Projects/admin_templates/laravel-sb-admin-2-final-one/vendor/laravel/framework/src/Illuminate/Pipeline/Pipeline.php(167): Illuminate\\Foundation\\Http\\Middleware\\VerifyCsrfToken->handle()
#28 /home/bader/Projects/admin_templates/laravel-sb-admin-2-final-one/vendor/laravel/framework/src/Illuminate/View/Middleware/ShareErrorsFromSession.php(49): Illuminate\\Pipeline\\Pipeline->Illuminate\\Pipeline\\{closure}()
#29 /home/bader/Projects/admin_templates/laravel-sb-admin-2-final-one/vendor/laravel/framework/src/Illuminate/Pipeline/Pipeline.php(167): Illuminate\\View\\Middleware\\ShareErrorsFromSession->handle()
#30 /home/bader/Projects/admin_templates/laravel-sb-admin-2-final-one/vendor/laravel/framework/src/Illuminate/Session/Middleware/StartSession.php(121): Illuminate\\Pipeline\\Pipeline->Illuminate\\Pipeline\\{closure}()
#31 /home/bader/Projects/admin_templates/laravel-sb-admin-2-final-one/vendor/laravel/framework/src/Illuminate/Session/Middleware/StartSession.php(63): Illuminate\\Session\\Middleware\\StartSession->handleStatefulRequest()
#32 /home/bader/Projects/admin_templates/laravel-sb-admin-2-final-one/vendor/laravel/framework/src/Illuminate/Pipeline/Pipeline.php(167): Illuminate\\Session\\Middleware\\StartSession->handle()
#33 /home/bader/Projects/admin_templates/laravel-sb-admin-2-final-one/vendor/laravel/framework/src/Illuminate/Cookie/Middleware/AddQueuedCookiesToResponse.php(37): Illuminate\\Pipeline\\Pipeline->Illuminate\\Pipeline\\{closure}()
#34 /home/bader/Projects/admin_templates/laravel-sb-admin-2-final-one/vendor/laravel/framework/src/Illuminate/Pipeline/Pipeline.php(167): Illuminate\\Cookie\\Middleware\\AddQueuedCookiesToResponse->handle()
#35 /home/bader/Projects/admin_templates/laravel-sb-admin-2-final-one/vendor/laravel/framework/src/Illuminate/Cookie/Middleware/EncryptCookies.php(67): Illuminate\\Pipeline\\Pipeline->Illuminate\\Pipeline\\{closure}()
#36 /home/bader/Projects/admin_templates/laravel-sb-admin-2-final-one/vendor/laravel/framework/src/Illuminate/Pipeline/Pipeline.php(167): Illuminate\\Cookie\\Middleware\\EncryptCookies->handle()
#37 /home/bader/Projects/admin_templates/laravel-sb-admin-2-final-one/vendor/laravel/framework/src/Illuminate/Pipeline/Pipeline.php(103): Illuminate\\Pipeline\\Pipeline->Illuminate\\Pipeline\\{closure}()
#38 /home/bader/Projects/admin_templates/laravel-sb-admin-2-final-one/vendor/laravel/framework/src/Illuminate/Routing/Router.php(694): Illuminate\\Pipeline\\Pipeline->then()
#39 /home/bader/Projects/admin_templates/laravel-sb-admin-2-final-one/vendor/laravel/framework/src/Illuminate/Routing/Router.php(669): Illuminate\\Routing\\Router->runRouteWithinStack()
#40 /home/bader/Projects/admin_templates/laravel-sb-admin-2-final-one/vendor/laravel/framework/src/Illuminate/Routing/Router.php(635): Illuminate\\Routing\\Router->runRoute()
#41 /home/bader/Projects/admin_templates/laravel-sb-admin-2-final-one/vendor/laravel/framework/src/Illuminate/Routing/Router.php(624): Illuminate\\Routing\\Router->dispatchToRoute()
#42 /home/bader/Projects/admin_templates/laravel-sb-admin-2-final-one/vendor/laravel/framework/src/Illuminate/Foundation/Http/Kernel.php(166): Illuminate\\Routing\\Router->dispatch()
#43 /home/bader/Projects/admin_templates/laravel-sb-admin-2-final-one/vendor/laravel/framework/src/Illuminate/Pipeline/Pipeline.php(128): Illuminate\\Foundation\\Http\\Kernel->Illuminate\\Foundation\\Http\\{closure}()
#44 /home/bader/Projects/admin_templates/laravel-sb-admin-2-final-one/vendor/laravel/framework/src/Illuminate/Foundation/Http/Middleware/TransformsRequest.php(21): Illuminate\\Pipeline\\Pipeline->Illuminate\\Pipeline\\{closure}()
#45 /home/bader/Projects/admin_templates/laravel-sb-admin-2-final-one/vendor/laravel/framework/src/Illuminate/Pipeline/Pipeline.php(167): Illuminate\\Foundation\\Http\\Middleware\\TransformsRequest->handle()
#46 /home/bader/Projects/admin_templates/laravel-sb-admin-2-final-one/vendor/laravel/framework/src/Illuminate/Foundation/Http/Middleware/TransformsRequest.php(21): Illuminate\\Pipeline\\Pipeline->Illuminate\\Pipeline\\{closure}()
#47 /home/bader/Projects/admin_templates/laravel-sb-admin-2-final-one/vendor/laravel/framework/src/Illuminate/Pipeline/Pipeline.php(167): Illuminate\\Foundation\\Http\\Middleware\\TransformsRequest->handle()
#48 /home/bader/Projects/admin_templates/laravel-sb-admin-2-final-one/vendor/laravel/framework/src/Illuminate/Foundation/Http/Middleware/ValidatePostSize.php(27): Illuminate\\Pipeline\\Pipeline->Illuminate\\Pipeline\\{closure}()
#49 /home/bader/Projects/admin_templates/laravel-sb-admin-2-final-one/vendor/laravel/framework/src/Illuminate/Pipeline/Pipeline.php(167): Illuminate\\Foundation\\Http\\Middleware\\ValidatePostSize->handle()
#50 /home/bader/Projects/admin_templates/laravel-sb-admin-2-final-one/vendor/laravel/framework/src/Illuminate/Foundation/Http/Middleware/PreventRequestsDuringMaintenance.php(86): Illuminate\\Pipeline\\Pipeline->Illuminate\\Pipeline\\{closure}()
#51 /home/bader/Projects/admin_templates/laravel-sb-admin-2-final-one/vendor/laravel/framework/src/Illuminate/Pipeline/Pipeline.php(167): Illuminate\\Foundation\\Http\\Middleware\\PreventRequestsDuringMaintenance->handle()
#52 /home/bader/Projects/admin_templates/laravel-sb-admin-2-final-one/vendor/fruitcake/laravel-cors/src/HandleCors.php(37): Illuminate\\Pipeline\\Pipeline->Illuminate\\Pipeline\\{closure}()
#53 /home/bader/Projects/admin_templates/laravel-sb-admin-2-final-one/vendor/laravel/framework/src/Illuminate/Pipeline/Pipeline.php(167): Fruitcake\\Cors\\HandleCors->handle()
#54 /home/bader/Projects/admin_templates/laravel-sb-admin-2-final-one/vendor/fideloper/proxy/src/TrustProxies.php(57): Illuminate\\Pipeline\\Pipeline->Illuminate\\Pipeline\\{closure}()
#55 /home/bader/Projects/admin_templates/laravel-sb-admin-2-final-one/vendor/laravel/framework/src/Illuminate/Pipeline/Pipeline.php(167): Fideloper\\Proxy\\TrustProxies->handle()
#56 /home/bader/Projects/admin_templates/laravel-sb-admin-2-final-one/vendor/laravel/framework/src/Illuminate/Pipeline/Pipeline.php(103): Illuminate\\Pipeline\\Pipeline->Illuminate\\Pipeline\\{closure}()
#57 /home/bader/Projects/admin_templates/laravel-sb-admin-2-final-one/vendor/laravel/framework/src/Illuminate/Foundation/Http/Kernel.php(141): Illuminate\\Pipeline\\Pipeline->then()
#58 /home/bader/Projects/admin_templates/laravel-sb-admin-2-final-one/vendor/laravel/framework/src/Illuminate/Foundation/Http/Kernel.php(110): Illuminate\\Foundation\\Http\\Kernel->sendRequestThroughRouter()
#59 /home/bader/Projects/admin_templates/laravel-sb-admin-2-final-one/public/index.php(55): Illuminate\\Foundation\\Http\\Kernel->handle()
#60 /home/bader/Projects/admin_templates/laravel-sb-admin-2-final-one/server.php(21): require_once('/home/bader/Pro...')
#61 {main}

[previous exception] [object] (ParseError(code: 0): syntax error, unexpected ')' at /home/bader/Projects/admin_templates/laravel-sb-admin-2-final-one/storage/framework/views/77ee25aa3eba56c338cb80b3a7def0cb620f61bb.php:21)
[stacktrace]
#0 /home/bader/Projects/admin_templates/laravel-sb-admin-2-final-one/vendor/laravel/framework/src/Illuminate/Filesystem/Filesystem.php(108): Illuminate\\Filesystem\\Filesystem::Illuminate\\Filesystem\\{closure}()
#1 /home/bader/Projects/admin_templates/laravel-sb-admin-2-final-one/vendor/laravel/framework/src/Illuminate/View/Engines/PhpEngine.php(58): Illuminate\\Filesystem\\Filesystem->getRequire()
#2 /home/bader/Projects/admin_templates/laravel-sb-admin-2-final-one/vendor/laravel/framework/src/Illuminate/View/Engines/CompilerEngine.php(61): Illuminate\\View\\Engines\\PhpEngine->evaluatePath()
#3 /home/bader/Projects/admin_templates/laravel-sb-admin-2-final-one/vendor/facade/ignition/src/Views/Engines/CompilerEngine.php(37): Illuminate\\View\\Engines\\CompilerEngine->get()
#4 /home/bader/Projects/admin_templates/laravel-sb-admin-2-final-one/vendor/laravel/framework/src/Illuminate/View/View.php(139): Facade\\Ignition\\Views\\Engines\\CompilerEngine->get()
#5 /home/bader/Projects/admin_templates/laravel-sb-admin-2-final-one/vendor/laravel/framework/src/Illuminate/View/View.php(122): Illuminate\\View\\View->getContents()
#6 /home/bader/Projects/admin_templates/laravel-sb-admin-2-final-one/vendor/laravel/framework/src/Illuminate/View/View.php(91): Illuminate\\View\\View->renderContents()
#7 /home/bader/Projects/admin_templates/laravel-sb-admin-2-final-one/storage/framework/views/34d90a34c1a88790c610e26dbeb27ef55eac91fa.php(222): Illuminate\\View\\View->render()
#8 /home/bader/Projects/admin_templates/laravel-sb-admin-2-final-one/vendor/laravel/framework/src/Illuminate/Filesystem/Filesystem.php(107): require('/home/bader/Pro...')
#9 /home/bader/Projects/admin_templates/laravel-sb-admin-2-final-one/vendor/laravel/framework/src/Illuminate/Filesystem/Filesystem.php(108): Illuminate\\Filesystem\\Filesystem::Illuminate\\Filesystem\\{closure}()
#10 /home/bader/Projects/admin_templates/laravel-sb-admin-2-final-one/vendor/laravel/framework/src/Illuminate/View/Engines/PhpEngine.php(58): Illuminate\\Filesystem\\Filesystem->getRequire()
#11 /home/bader/Projects/admin_templates/laravel-sb-admin-2-final-one/vendor/laravel/framework/src/Illuminate/View/Engines/CompilerEngine.php(61): Illuminate\\View\\Engines\\PhpEngine->evaluatePath()
#12 /home/bader/Projects/admin_templates/laravel-sb-admin-2-final-one/vendor/facade/ignition/src/Views/Engines/CompilerEngine.php(37): Illuminate\\View\\Engines\\CompilerEngine->get()
#13 /home/bader/Projects/admin_templates/laravel-sb-admin-2-final-one/vendor/laravel/framework/src/Illuminate/View/View.php(139): Facade\\Ignition\\Views\\Engines\\CompilerEngine->get()
#14 /home/bader/Projects/admin_templates/laravel-sb-admin-2-final-one/vendor/laravel/framework/src/Illuminate/View/View.php(122): Illuminate\\View\\View->getContents()
#15 /home/bader/Projects/admin_templates/laravel-sb-admin-2-final-one/vendor/laravel/framework/src/Illuminate/View/View.php(91): Illuminate\\View\\View->renderContents()
#16 /home/bader/Projects/admin_templates/laravel-sb-admin-2-final-one/vendor/laravel/framework/src/Illuminate/Http/Response.php(62): Illuminate\\View\\View->render()
#17 /home/bader/Projects/admin_templates/laravel-sb-admin-2-final-one/vendor/laravel/framework/src/Illuminate/Http/Response.php(34): Illuminate\\Http\\Response->setContent()
#18 /home/bader/Projects/admin_templates/laravel-sb-admin-2-final-one/vendor/laravel/framework/src/Illuminate/Routing/Router.php(780): Illuminate\\Http\\Response->__construct()
#19 /home/bader/Projects/admin_templates/laravel-sb-admin-2-final-one/vendor/laravel/framework/src/Illuminate/Routing/Router.php(752): Illuminate\\Routing\\Router::toResponse()
#20 /home/bader/Projects/admin_templates/laravel-sb-admin-2-final-one/vendor/laravel/framework/src/Illuminate/Routing/Router.php(692): Illuminate\\Routing\\Router->prepareResponse()
#21 /home/bader/Projects/admin_templates/laravel-sb-admin-2-final-one/vendor/laravel/framework/src/Illuminate/Pipeline/Pipeline.php(128): Illuminate\\Routing\\Router->Illuminate\\Routing\\{closure}()
#22 /home/bader/Projects/admin_templates/laravel-sb-admin-2-final-one/vendor/laravel/framework/src/Illuminate/Routing/Middleware/SubstituteBindings.php(41): Illuminate\\Pipeline\\Pipeline->Illuminate\\Pipeline\\{closure}()
#23 /home/bader/Projects/admin_templates/laravel-sb-admin-2-final-one/vendor/laravel/framework/src/Illuminate/Pipeline/Pipeline.php(167): Illuminate\\Routing\\Middleware\\SubstituteBindings->handle()
#24 /home/bader/Projects/admin_templates/laravel-sb-admin-2-final-one/vendor/laravel/framework/src/Illuminate/Auth/Middleware/Authenticate.php(44): Illuminate\\Pipeline\\Pipeline->Illuminate\\Pipeline\\{closure}()
#25 /home/bader/Projects/admin_templates/laravel-sb-admin-2-final-one/vendor/laravel/framework/src/Illuminate/Pipeline/Pipeline.php(167): Illuminate\\Auth\\Middleware\\Authenticate->handle()
#26 /home/bader/Projects/admin_templates/laravel-sb-admin-2-final-one/vendor/laravel/framework/src/Illuminate/Foundation/Http/Middleware/VerifyCsrfToken.php(78): Illuminate\\Pipeline\\Pipeline->Illuminate\\Pipeline\\{closure}()
#27 /home/bader/Projects/admin_templates/laravel-sb-admin-2-final-one/vendor/laravel/framework/src/Illuminate/Pipeline/Pipeline.php(167): Illuminate\\Foundation\\Http\\Middleware\\VerifyCsrfToken->handle()
#28 /home/bader/Projects/admin_templates/laravel-sb-admin-2-final-one/vendor/laravel/framework/src/Illuminate/View/Middleware/ShareErrorsFromSession.php(49): Illuminate\\Pipeline\\Pipeline->Illuminate\\Pipeline\\{closure}()
#29 /home/bader/Projects/admin_templates/laravel-sb-admin-2-final-one/vendor/laravel/framework/src/Illuminate/Pipeline/Pipeline.php(167): Illuminate\\View\\Middleware\\ShareErrorsFromSession->handle()
#30 /home/bader/Projects/admin_templates/laravel-sb-admin-2-final-one/vendor/laravel/framework/src/Illuminate/Session/Middleware/StartSession.php(121): Illuminate\\Pipeline\\Pipeline->Illuminate\\Pipeline\\{closure}()
#31 /home/bader/Projects/admin_templates/laravel-sb-admin-2-final-one/vendor/laravel/framework/src/Illuminate/Session/Middleware/StartSession.php(63): Illuminate\\Session\\Middleware\\StartSession->handleStatefulRequest()
#32 /home/bader/Projects/admin_templates/laravel-sb-admin-2-final-one/vendor/laravel/framework/src/Illuminate/Pipeline/Pipeline.php(167): Illuminate\\Session\\Middleware\\StartSession->handle()
#33 /home/bader/Projects/admin_templates/laravel-sb-admin-2-final-one/vendor/laravel/framework/src/Illuminate/Cookie/Middleware/AddQueuedCookiesToResponse.php(37): Illuminate\\Pipeline\\Pipeline->Illuminate\\Pipeline\\{closure}()
#34 /home/bader/Projects/admin_templates/laravel-sb-admin-2-final-one/vendor/laravel/framework/src/Illuminate/Pipeline/Pipeline.php(167): Illuminate\\Cookie\\Middleware\\AddQueuedCookiesToResponse->handle()
#35 /home/bader/Projects/admin_templates/laravel-sb-admin-2-final-one/vendor/laravel/framework/src/Illuminate/Cookie/Middleware/EncryptCookies.php(67): Illuminate\\Pipeline\\Pipeline->Illuminate\\Pipeline\\{closure}()
#36 /home/bader/Projects/admin_templates/laravel-sb-admin-2-final-one/vendor/laravel/framework/src/Illuminate/Pipeline/Pipeline.php(167): Illuminate\\Cookie\\Middleware\\EncryptCookies->handle()
#37 /home/bader/Projects/admin_templates/laravel-sb-admin-2-final-one/vendor/laravel/framework/src/Illuminate/Pipeline/Pipeline.php(103): Illuminate\\Pipeline\\Pipeline->Illuminate\\Pipeline\\{closure}()
#38 /home/bader/Projects/admin_templates/laravel-sb-admin-2-final-one/vendor/laravel/framework/src/Illuminate/Routing/Router.php(694): Illuminate\\Pipeline\\Pipeline->then()
#39 /home/bader/Projects/admin_templates/laravel-sb-admin-2-final-one/vendor/laravel/framework/src/Illuminate/Routing/Router.php(669): Illuminate\\Routing\\Router->runRouteWithinStack()
#40 /home/bader/Projects/admin_templates/laravel-sb-admin-2-final-one/vendor/laravel/framework/src/Illuminate/Routing/Router.php(635): Illuminate\\Routing\\Router->runRoute()
#41 /home/bader/Projects/admin_templates/laravel-sb-admin-2-final-one/vendor/laravel/framework/src/Illuminate/Routing/Router.php(624): Illuminate\\Routing\\Router->dispatchToRoute()
#42 /home/bader/Projects/admin_templates/laravel-sb-admin-2-final-one/vendor/laravel/framework/src/Illuminate/Foundation/Http/Kernel.php(166): Illuminate\\Routing\\Router->dispatch()
#43 /home/bader/Projects/admin_templates/laravel-sb-admin-2-final-one/vendor/laravel/framework/src/Illuminate/Pipeline/Pipeline.php(128): Illuminate\\Foundation\\Http\\Kernel->Illuminate\\Foundation\\Http\\{closure}()
#44 /home/bader/Projects/admin_templates/laravel-sb-admin-2-final-one/vendor/laravel/framework/src/Illuminate/Foundation/Http/Middleware/TransformsRequest.php(21): Illuminate\\Pipeline\\Pipeline->Illuminate\\Pipeline\\{closure}()
#45 /home/bader/Projects/admin_templates/laravel-sb-admin-2-final-one/vendor/laravel/framework/src/Illuminate/Pipeline/Pipeline.php(167): Illuminate\\Foundation\\Http\\Middleware\\TransformsRequest->handle()
#46 /home/bader/Projects/admin_templates/laravel-sb-admin-2-final-one/vendor/laravel/framework/src/Illuminate/Foundation/Http/Middleware/TransformsRequest.php(21): Illuminate\\Pipeline\\Pipeline->Illuminate\\Pipeline\\{closure}()
#47 /home/bader/Projects/admin_templates/laravel-sb-admin-2-final-one/vendor/laravel/framework/src/Illuminate/Pipeline/Pipeline.php(167): Illuminate\\Foundation\\Http\\Middleware\\TransformsRequest->handle()
#48 /home/bader/Projects/admin_templates/laravel-sb-admin-2-final-one/vendor/laravel/framework/src/Illuminate/Foundation/Http/Middleware/ValidatePostSize.php(27): Illuminate\\Pipeline\\Pipeline->Illuminate\\Pipeline\\{closure}()
#49 /home/bader/Projects/admin_templates/laravel-sb-admin-2-final-one/vendor/laravel/framework/src/Illuminate/Pipeline/Pipeline.php(167): Illuminate\\Foundation\\Http\\Middleware\\ValidatePostSize->handle()
#50 /home/bader/Projects/admin_templates/laravel-sb-admin-2-final-one/vendor/laravel/framework/src/Illuminate/Foundation/Http/Middleware/PreventRequestsDuringMaintenance.php(86): Illuminate\\Pipeline\\Pipeline->Illuminate\\Pipeline\\{closure}()
#51 /home/bader/Projects/admin_templates/laravel-sb-admin-2-final-one/vendor/laravel/framework/src/Illuminate/Pipeline/Pipeline.php(167): Illuminate\\Foundation\\Http\\Middleware\\PreventRequestsDuringMaintenance->handle()
#52 /home/bader/Projects/admin_templates/laravel-sb-admin-2-final-one/vendor/fruitcake/laravel-cors/src/HandleCors.php(37): Illuminate\\Pipeline\\Pipeline->Illuminate\\Pipeline\\{closure}()
#53 /home/bader/Projects/admin_templates/laravel-sb-admin-2-final-one/vendor/laravel/framework/src/Illuminate/Pipeline/Pipeline.php(167): Fruitcake\\Cors\\HandleCors->handle()
#54 /home/bader/Projects/admin_templates/laravel-sb-admin-2-final-one/vendor/fideloper/proxy/src/TrustProxies.php(57): Illuminate\\Pipeline\\Pipeline->Illuminate\\Pipeline\\{closure}()
#55 /home/bader/Projects/admin_templates/laravel-sb-admin-2-final-one/vendor/laravel/framework/src/Illuminate/Pipeline/Pipeline.php(167): Fideloper\\Proxy\\TrustProxies->handle()
#56 /home/bader/Projects/admin_templates/laravel-sb-admin-2-final-one/vendor/laravel/framework/src/Illuminate/Pipeline/Pipeline.php(103): Illuminate\\Pipeline\\Pipeline->Illuminate\\Pipeline\\{closure}()
#57 /home/bader/Projects/admin_templates/laravel-sb-admin-2-final-one/vendor/laravel/framework/src/Illuminate/Foundation/Http/Kernel.php(141): Illuminate\\Pipeline\\Pipeline->then()
#58 /home/bader/Projects/admin_templates/laravel-sb-admin-2-final-one/vendor/laravel/framework/src/Illuminate/Foundation/Http/Kernel.php(110): Illuminate\\Foundation\\Http\\Kernel->sendRequestThroughRouter()
#59 /home/bader/Projects/admin_templates/laravel-sb-admin-2-final-one/public/index.php(55): Illuminate\\Foundation\\Http\\Kernel->handle()
#60 /home/bader/Projects/admin_templates/laravel-sb-admin-2-final-one/server.php(21): require_once('/home/bader/Pro...')
#61 {main}
"} 
